(0000) 3000  0011000000000000 (   2)                 .ORIG x3000
(3000) 5020  0101000000100000 (   3)                 AND   R0 R0 #0
(3001) 5FE0  0101111111100000 (   4)                 AND   R7 R7 #0
(3002) 1FE2  0001111111100010 (   5)                 ADD   R7 R7 #2
(3003) 221A  0010001000011010 (   6) START           LD    R1 DATA1
(3004) 241A  0010010000011010 (   7)                 LD    R2 DATA2
(3005) 1642  0001011001000010 (   8)                 ADD   R3 R1 R2
(3006) 5842  0101100001000010 (   9)                 AND   R4 R1 R2
(3007) 9A7F  1001101001111111 (  10)                 NOT   R5 R1
(3008) 0803  0000100000000011 (  11)                 BRN   HERE1
(3009) 5260  0101001001100000 (  12)                 AND   R1 R1 #0
(300A) 0407  0000010000000111 (  13)                 BRZ   HERE2
(300B) 0E07  0000111000000111 (  14)                 BRNZP GETOUT
(300C) 103F  0001000000111111 (  15) HERE1           ADD   R0 R0 #-1
(300D) 1C07  0001110000000111 (  16)                 ADD   R6 R0 R7
(300E) 0404  0000010000000100 (  17)                 BRZ   GETOUT
(300F) 0200  0000001000000000 (  18)                 BRP   HERE3
(3010) 200F  0010000000001111 (  19) HERE3           LD    R0 DATA3
(3011) C000  1100000000000000 (  20)                 JMP   R0
(3012) 3A0E  0011101000001110 (  21) HERE2           ST    R5 RESULT
(3013) F025  1111000000100101 (  22) GETOUT          TRAP  x25
(3014) 0000  0000000000000000 (  24)                 .FILL x0000
(3015) 0000  0000000000000000 (  24)                 .FILL x0000
(3016) 0000  0000000000000000 (  24)                 .FILL x0000
(3017) 0000  0000000000000000 (  24)                 .FILL x0000
(3018) 0000  0000000000000000 (  24)                 .FILL x0000
(3019) 0000  0000000000000000 (  24)                 .FILL x0000
(301A) 0000  0000000000000000 (  24)                 .FILL x0000
(301B) 0000  0000000000000000 (  24)                 .FILL x0000
(301C) 0000  0000000000000000 (  24)                 .FILL x0000
(301D) 0000  0000000000000000 (  24)                 .FILL x0000
(301E) 0005  0000000000000101 (  24) DATA1           .FILL x0005
(301F) 0019  0000000000011001 (  25) DATA2           .FILL x0019
(3020) 0013  0000000000010011 (  26) DATA3           .FILL x0013
(3021) 0000  0000000000000000 (  28) RESULT          .FILL x0000
